[12:00:42] [main/INFO]: Setting user: Player156
[12:00:53] [Client thread/INFO]: LWJGL Version: 2.9.1
[12:01:16] [Client thread/INFO]: Reloading ResourceManager: Default, FMLFileResourcePack:Forge Mod Loader, FMLFileResourcePack:Minecraft Forge, FMLFileResourcePack:Not Enough Items, FMLFileResourcePack:The Lord of the Rings Mod, FMLFileResourcePack:March Of The Ents
[12:01:17] [Client thread/INFO]: LOTR: Found logger
[12:01:18] [Client thread/INFO]: LOTR: Registered 144 packet types
[12:01:28] [Sound Library Loader/INFO]: Sound engine started
[12:01:39] [Client thread/INFO]: Created: 1024x1024 textures/blocks-atlas
[12:01:41] [Client thread/INFO]: Created: 1024x1024 textures/items-atlas
[12:01:48] [Client thread/INFO]: LOTRLore: Category ruins has loaded 13 lore texts, of which 5 rewardable
[12:01:48] [Client thread/INFO]: LOTRLore: Category shire has loaded 20 lore texts, of which 11 rewardable
[12:01:48] [Client thread/INFO]: LOTRLore: Category bree has loaded 14 lore texts, of which 12 rewardable
[12:01:48] [Client thread/INFO]: LOTRLore: Category blue_mountains has loaded 8 lore texts, of which 5 rewardable
[12:01:48] [Client thread/INFO]: LOTRLore: Category lindon has loaded 11 lore texts, of which 10 rewardable
[12:01:48] [Client thread/INFO]: LOTRLore: Category eriador has loaded 14 lore texts, of which 14 rewardable
[12:01:48] [Client thread/INFO]: LOTRLore: Category rivendell has loaded 24 lore texts, of which 22 rewardable
[12:01:48] [Client thread/INFO]: LOTRLore: Category eregion has loaded 7 lore texts, of which 6 rewardable
[12:01:48] [Client thread/INFO]: LOTRLore: Category dunland has loaded 6 lore texts, of which 5 rewardable
[12:01:48] [Client thread/INFO]: LOTRLore: Category gundabad has loaded 4 lore texts, of which 4 rewardable
[12:01:48] [Client thread/INFO]: LOTRLore: Category angmar has loaded 5 lore texts, of which 5 rewardable
[12:01:48] [Client thread/INFO]: LOTRLore: Category woodland_realm has loaded 4 lore texts, of which 4 rewardable
[12:01:48] [Client thread/INFO]: LOTRLore: Category dol_guldur has loaded 4 lore texts, of which 4 rewardable
[12:01:48] [Client thread/INFO]: LOTRLore: Category dale has loaded 14 lore texts, of which 12 rewardable
[12:01:48] [Client thread/INFO]: LOTRLore: Category durins_folk has loaded 13 lore texts, of which 6 rewardable
[12:01:48] [Client thread/INFO]: LOTRLore: Category lothlorien has loaded 10 lore texts, of which 10 rewardable
[12:01:48] [Client thread/INFO]: LOTRLore: Category rohan has loaded 5 lore texts, of which 2 rewardable
[12:01:48] [Client thread/INFO]: LOTRLore: Category isengard has loaded 4 lore texts, of which 3 rewardable
[12:01:48] [Client thread/INFO]: LOTRLore: Category gondor has loaded 21 lore texts, of which 16 rewardable
[12:01:48] [Client thread/INFO]: LOTRLore: Category mordor has loaded 6 lore texts, of which 6 rewardable
[12:01:48] [Client thread/INFO]: LOTRLore: Category dorwinion has loaded 7 lore texts, of which 5 rewardable
[12:01:48] [Client thread/INFO]: LOTRLore: Category rhun has loaded 9 lore texts, of which 5 rewardable
[12:01:48] [Client thread/INFO]: LOTRLore: Category harnennor has loaded 12 lore texts, of which 9 rewardable
[12:01:48] [Client thread/INFO]: LOTRLore: Category southron has loaded 16 lore texts, of which 14 rewardable
[12:01:48] [Client thread/INFO]: LOTRLore: Category umbar has loaded 18 lore texts, of which 16 rewardable
[12:01:48] [Client thread/INFO]: LOTRLore: Category nomad has loaded 8 lore texts, of which 5 rewardable
[12:01:48] [Client thread/INFO]: LOTRLore: Category gulf has loaded 9 lore texts, of which 7 rewardable
[12:01:48] [Client thread/INFO]: LOTRLore: Category far_harad has loaded 0 lore texts, of which 0 rewardable
[12:01:48] [Client thread/INFO]: LOTRLore: Category far_harad_jungle has loaded 0 lore texts, of which 0 rewardable
[12:01:48] [Client thread/INFO]: LOTRLore: Category half_troll has loaded 0 lore texts, of which 0 rewardable
[12:01:54] [Client thread/INFO]: Reloading ResourceManager: Default, FMLFileResourcePack:Forge Mod Loader, FMLFileResourcePack:Minecraft Forge, FMLFileResourcePack:Not Enough Items, FMLFileResourcePack:The Lord of the Rings Mod, FMLFileResourcePack:March Of The Ents
[12:02:01] [Client thread/INFO]: Created: 1024x1024 textures/items-atlas
[12:02:08] [Client thread/INFO]: Created: 1024x1024 textures/blocks-atlas
[12:02:11] [Sound Library Loader/INFO]: Sound engine started
[12:02:48] [Server thread/INFO]: Starting integrated minecraft server version 1.7.10
[12:02:48] [Server thread/INFO]: Generating keypair
[12:02:48] [Server thread/INFO]: Converting map!
[12:02:48] [Server thread/INFO]: Scanning folders...
[12:02:48] [Server thread/INFO]: Total conversion count is 0
[12:02:50] [Server thread/WARN]: Unable to find spawn biome
[12:02:51] [Server thread/INFO]: Preparing start region for level 0
[12:02:52] [Server thread/INFO]: Preparing spawn area: 7%
[12:02:53] [Server thread/INFO]: Preparing spawn area: 16%
[12:02:54] [Server thread/INFO]: Preparing spawn area: 26%
[12:02:55] [Server thread/INFO]: Preparing spawn area: 39%
[12:02:56] [Server thread/INFO]: Preparing spawn area: 53%
[12:02:57] [Server thread/INFO]: Preparing spawn area: 69%
[12:02:58] [Server thread/INFO]: Preparing spawn area: 87%
[12:02:59] [Server thread/INFO]: Changing view distance to 4, from 10
[12:03:01] [Server thread/INFO]: Player156[local:E:73bc9b23] logged in with entity id 149 at (150.5, 79.0, 248.5)
[12:03:01] [Server thread/INFO]: Player156 joined the game
[12:03:06] [Server thread/WARN]: Can't keep up! Did the system time change, or is the server overloaded? Running 2868ms behind, skipping 57 tick(s)
[12:03:18] [Client thread/INFO]: Warning: Clientside chunk ticking took 141 ms
[12:03:37] [Server thread/INFO]: Player156 has just earned the achievement [Taking Inventory]
[12:03:37] [Client thread/INFO]: [CHAT] Player156 has just earned the achievement [Taking Inventory]
[12:04:17] [Client thread/INFO]: Player156 has just earned the Middle-earth achievement [Ruin Of Thingol]
[12:04:17] [Client thread/INFO]: [CHAT] Player156 has just earned the Middle-earth achievement [Ruin Of Thingol]
[12:04:29] [Server thread/INFO]: Saving and pausing game...
[12:04:29] [Server thread/INFO]: Saving chunks for level 'New World'/Overworld
[12:04:29] [Server thread/INFO]: Saving chunks for level 'New World'/Nether
[12:04:29] [Server thread/INFO]: Saving chunks for level 'New World'/The End
[12:04:29] [Server thread/INFO]: Saving chunks for level 'New World'/Utumno
[12:04:29] [Server thread/INFO]: Saving chunks for level 'New World'/MiddleEarth
[12:05:03] [Server thread/INFO]: Saving and pausing game...
[12:05:03] [Server thread/INFO]: Saving chunks for level 'New World'/Overworld
[12:05:04] [Server thread/INFO]: Saving chunks for level 'New World'/Nether
[12:05:04] [Server thread/INFO]: Saving chunks for level 'New World'/The End
[12:05:04] [Server thread/INFO]: Saving chunks for level 'New World'/Utumno
[12:05:04] [Server thread/INFO]: Saving chunks for level 'New World'/MiddleEarth
[12:05:05] [Client thread/INFO]: Stopping!
[12:05:05] [Server thread/INFO]: Stopping server
[12:05:05] [Server thread/INFO]: Saving players
[12:05:05] [Server thread/INFO]: Saving worlds
[12:05:05] [Server thread/INFO]: Saving chunks for level 'New World'/Overworld
[12:05:05] [Server thread/INFO]: Saving chunks for level 'New World'/Nether
[12:05:05] [Server thread/INFO]: Saving chunks for level 'New World'/The End
[12:05:05] [Server thread/INFO]: Saving chunks for level 'New World'/Utumno
[12:05:05] [Server thread/INFO]: Saving chunks for level 'New World'/MiddleEarth
